<?xml version="1.0" encoding="UTF-8"?>
<!-- Generated by org.testng.reporters.JUnitReportReporter -->
<testsuite skipped="0" hostname="PC" name="cucumberOptions.TestRunner" tests="4" failures="0" timestamp="5 Jun 2019 18:08:35 GMT" time="182.999" errors="0">
  <testcase name="runScenario" time="40.599" classname="cucumberOptions.TestRunner"/>
  <testcase name="runScenario" time="45.830" classname="cucumberOptions.TestRunner"/>
  <testcase name="runScenario" time="46.307" classname="cucumberOptions.TestRunner"/>
  <testcase name="runScenario" time="50.263" classname="cucumberOptions.TestRunner"/>
</testsuite> <!-- cucumberOptions.TestRunner -->
