<?xml version="1.0" encoding="UTF-8"?>
<!-- Generated by org.testng.reporters.JUnitReportReporter -->
<testsuite skipped="0" hostname="PC" name="Academy.assHome" tests="1" failures="0" timestamp="3 Jun 2019 15:27:25 GMT" time="12.216" errors="0">
  <testcase name="assertTest" time="12.216" classname="Academy.assHome"/>
</testsuite> <!-- Academy.assHome -->
