<?xml version="1.0" encoding="UTF-8"?>
<!-- Generated by org.testng.reporters.JUnitReportReporter -->
<testsuite skipped="0" hostname="PC" name="Academy.HomePage" tests="2" failures="0" timestamp="3 Jun 2019 16:23:06 GMT" time="59.025" errors="0">
  <testcase name="basePageNav" time="23.951" classname="Academy.HomePage"/>
  <testcase name="basePageNav" time="35.074" classname="Academy.HomePage"/>
</testsuite> <!-- Academy.HomePage -->
