<?xml version="1.0" encoding="UTF-8"?>
<!-- Generated by org.testng.reporters.JUnitReportReporter -->
<testsuite skipped="0" hostname="PC" name="Academy.HomePage" tests="2" failures="0" timestamp="05 Jun 2019 19:15:07 GMT" time="60.250" errors="0">
  <testcase name="basePageNav" time="25.176" classname="Academy.HomePage"/>
  <testcase name="basePageNav" time="35.074" classname="Academy.HomePage"/>
</testsuite> <!-- Academy.HomePage -->
