<?xml version="1.0" encoding="UTF-8"?>
<!-- Generated by org.testng.reporters.JUnitReportReporter -->
<testsuite skipped="0" hostname="PC" name="cucumberOptions.TestRunner" tests="4" failures="0" timestamp="05 Jun 2019 19:15:07 GMT" time="178.286" errors="0">
  <testcase name="runScenario" time="40.684" classname="cucumberOptions.TestRunner"/>
  <testcase name="runScenario" time="45.018" classname="cucumberOptions.TestRunner"/>
  <testcase name="runScenario" time="45.810" classname="cucumberOptions.TestRunner"/>
  <testcase name="runScenario" time="46.774" classname="cucumberOptions.TestRunner"/>
</testsuite> <!-- cucumberOptions.TestRunner -->
