<?xml version="1.0" encoding="UTF-8"?>
<!-- Generated by org.testng.reporters.JUnitReportReporter -->
<testsuite skipped="0" hostname="PC" name="Academy.assHome" tests="1" failures="0" timestamp="05 Jun 2019 19:15:07 GMT" time="12.537" errors="0">
  <testcase name="assertTest" time="12.537" classname="Academy.assHome"/>
</testsuite> <!-- Academy.assHome -->
